[2021-09-28 15:41:43,644] {taskinstance.py:903} INFO - Dependencies all met for <TaskInstance: example_bash_operator.runme_1 2021-09-26T00:00:00+00:00 [queued]>
[2021-09-28 15:41:43,655] {taskinstance.py:903} INFO - Dependencies all met for <TaskInstance: example_bash_operator.runme_1 2021-09-26T00:00:00+00:00 [queued]>
[2021-09-28 15:41:43,655] {taskinstance.py:1095} INFO - 
--------------------------------------------------------------------------------
[2021-09-28 15:41:43,655] {taskinstance.py:1096} INFO - Starting attempt 1 of 1
[2021-09-28 15:41:43,655] {taskinstance.py:1097} INFO - 
--------------------------------------------------------------------------------
[2021-09-28 15:41:43,740] {taskinstance.py:1115} INFO - Executing <Task(BashOperator): runme_1> on 2021-09-26T00:00:00+00:00
[2021-09-28 15:41:43,742] {standard_task_runner.py:52} INFO - Started process 41059 to run task
[2021-09-28 15:41:43,746] {standard_task_runner.py:76} INFO - Running: ['airflow', 'tasks', 'run', 'example_bash_operator', 'runme_1', '2021-09-26T00:00:00+00:00', '--job-id', '3', '--pool', 'default_pool', '--raw', '--subdir', '/home/aman/PycharmProjects/air_my/venv/lib/python3.8/site-packages/airflow/example_dags/example_bash_operator.py', '--cfg-path', '/tmp/tmpy3qkptn6', '--error-file', '/tmp/tmpoe3ern_3']
[2021-09-28 15:41:43,747] {standard_task_runner.py:77} INFO - Job 3: Subtask runme_1
[2021-09-28 15:41:44,311] {logging_mixin.py:109} INFO - Running <TaskInstance: example_bash_operator.runme_1 2021-09-26T00:00:00+00:00 [running]> on host shah
[2021-09-28 15:41:44,871] {taskinstance.py:1252} INFO - Exporting the following env vars:
AIRFLOW_CTX_DAG_OWNER=airflow
AIRFLOW_CTX_DAG_ID=example_bash_operator
AIRFLOW_CTX_TASK_ID=runme_1
AIRFLOW_CTX_EXECUTION_DATE=2021-09-26T00:00:00+00:00
AIRFLOW_CTX_DAG_RUN_ID=scheduled__2021-09-26T00:00:00+00:00
[2021-09-28 15:41:44,873] {subprocess.py:52} INFO - Tmp dir root location: 
 /tmp
[2021-09-28 15:41:44,874] {subprocess.py:63} INFO - Running command: ['bash', '-c', 'echo "example_bash_operator__runme_1__20210926" && sleep 1']
[2021-09-28 15:41:44,891] {subprocess.py:74} INFO - Output:
[2021-09-28 15:41:44,893] {subprocess.py:78} INFO - example_bash_operator__runme_1__20210926
[2021-09-28 15:41:45,896] {subprocess.py:82} INFO - Command exited with return code 0
[2021-09-28 15:41:46,009] {taskinstance.py:1212} INFO - Marking task as SUCCESS. dag_id=example_bash_operator, task_id=runme_1, execution_date=20210926T000000, start_date=20210928T095643, end_date=20210928T095646
[2021-09-28 15:41:46,128] {local_task_job.py:151} INFO - Task exited with return code 0
[2021-09-28 15:41:46,187] {local_task_job.py:261} INFO - 0 downstream tasks scheduled from follow-on schedule check
